<?xml version="1.0" encoding="UTF-8"?>
<testng-results skipped="0" failed="1" ignored="0" total="3" passed="2">
  <reporter-output>
  </reporter-output>
  <suite name="CRUD Operation Test" duration-ms="32860" started-at="2019-03-24T11:15:13Z" finished-at="2019-03-24T11:15:46Z">
    <groups>
    </groups>
    <test name="CRUD Automated Script" duration-ms="32860" started-at="2019-03-24T11:15:13Z" finished-at="2019-03-24T11:15:46Z">
      <class name="crud_test.CRUDoperation">
        <test-method status="PASS" signature="setup()[pri:0, instance:crud_test.CRUDoperation@47c62251]" name="setup" is-config="true" duration-ms="10057" started-at="2019-03-24T11:15:13Z" finished-at="2019-03-24T11:15:24Z">
          <reporter-output>
          </reporter-output>
        </test-method> <!-- setup -->
        <test-method status="PASS" signature="CreateRecipe()[pri:1, instance:crud_test.CRUDoperation@47c62251]" name="CreateRecipe" duration-ms="11578" started-at="2019-03-24T11:15:24Z" finished-at="2019-03-24T11:15:35Z">
          <reporter-output>
          </reporter-output>
        </test-method> <!-- CreateRecipe -->
        <test-method status="FAIL" signature="EditRecipe()[pri:2, instance:crud_test.CRUDoperation@47c62251]" name="EditRecipe" duration-ms="7752" started-at="2019-03-24T11:15:35Z" finished-at="2019-03-24T11:15:43Z">
          <exception class="java.lang.AssertionError">
            <message>
              <![CDATA[expected [Salad] but found [Coleslaw]]]>
            </message>
            <full-stacktrace>
              <![CDATA[java.lang.AssertionError: expected [Salad] but found [Coleslaw]
at org.testng.Assert.fail(Assert.java:96)
at org.testng.Assert.failNotEquals(Assert.java:776)
at org.testng.Assert.assertEqualsImpl(Assert.java:137)
at org.testng.Assert.assertEquals(Assert.java:118)
at org.testng.Assert.assertEquals(Assert.java:453)
at org.testng.Assert.assertEquals(Assert.java:463)
at crud_test.CRUDoperation.EditRecipe(CRUDoperation.java:81)
at sun.reflect.NativeMethodAccessorImpl.invoke0(Native Method)
at sun.reflect.NativeMethodAccessorImpl.invoke(Unknown Source)
at sun.reflect.DelegatingMethodAccessorImpl.invoke(Unknown Source)
at java.lang.reflect.Method.invoke(Unknown Source)
at org.testng.internal.MethodInvocationHelper.invokeMethod(MethodInvocationHelper.java:124)
at org.testng.internal.Invoker.invokeMethod(Invoker.java:580)
at org.testng.internal.Invoker.invokeTestMethod(Invoker.java:716)
at org.testng.internal.Invoker.invokeTestMethods(Invoker.java:988)
at org.testng.internal.TestMethodWorker.invokeTestMethods(TestMethodWorker.java:125)
at org.testng.internal.TestMethodWorker.run(TestMethodWorker.java:109)
at org.testng.TestRunner.privateRun(TestRunner.java:648)
at org.testng.TestRunner.run(TestRunner.java:505)
at org.testng.SuiteRunner.runTest(SuiteRunner.java:455)
at org.testng.SuiteRunner.runSequentially(SuiteRunner.java:450)
at org.testng.SuiteRunner.privateRun(SuiteRunner.java:415)
at org.testng.SuiteRunner.run(SuiteRunner.java:364)
at org.testng.SuiteRunnerWorker.runSuite(SuiteRunnerWorker.java:52)
at org.testng.SuiteRunnerWorker.run(SuiteRunnerWorker.java:84)
at org.testng.TestNG.runSuitesSequentially(TestNG.java:1208)
at org.testng.TestNG.runSuitesLocally(TestNG.java:1137)
at org.testng.TestNG.runSuites(TestNG.java:1049)
at org.testng.TestNG.run(TestNG.java:1017)
at org.testng.remote.AbstractRemoteTestNG.run(AbstractRemoteTestNG.java:114)
at org.testng.remote.RemoteTestNG.initAndRun(RemoteTestNG.java:251)
at org.testng.remote.RemoteTestNG.main(RemoteTestNG.java:77)
]]>
            </full-stacktrace>
          </exception> <!-- java.lang.AssertionError -->
          <reporter-output>
          </reporter-output>
        </test-method> <!-- EditRecipe -->
        <test-method status="PASS" signature="DeleteRecipe()[pri:3, instance:crud_test.CRUDoperation@47c62251]" name="DeleteRecipe" duration-ms="3217" started-at="2019-03-24T11:15:43Z" finished-at="2019-03-24T11:15:46Z">
          <reporter-output>
          </reporter-output>
        </test-method> <!-- DeleteRecipe -->
        <test-method status="PASS" signature="closeDriver()[pri:0, instance:crud_test.CRUDoperation@47c62251]" name="closeDriver" is-config="true" duration-ms="191" started-at="2019-03-24T11:15:46Z" finished-at="2019-03-24T11:15:46Z">
          <reporter-output>
          </reporter-output>
        </test-method> <!-- closeDriver -->
      </class> <!-- crud_test.CRUDoperation -->
    </test> <!-- CRUD Automated Script -->
  </suite> <!-- CRUD Operation Test -->
</testng-results>
